{"level":"error","statusCode":409,"timestamp":"2024-08-02T00:56:04.529Z"}
{"level":"error","statusCode":409,"timestamp":"2024-08-02T00:56:12.095Z"}
{"issues":[{"code":"invalid_type","expected":"number","message":"Required","path":["status_id"],"received":"undefined"}],"level":"error","name":"ZodError","timestamp":"2024-08-05T18:44:50.923Z"}
{"issues":[{"code":"invalid_type","expected":"string","message":"Required","path":["orderId"],"received":"undefined"}],"level":"error","name":"ZodError","timestamp":"2024-08-05T19:05:14.295Z"}
{"issues":[{"code":"invalid_type","expected":"string","message":"Expected string, received number","path":["status"],"received":"number"}],"level":"error","name":"ZodError","timestamp":"2024-08-05T20:13:46.989Z"}
{"code":"SQLITE_ERROR","errno":1,"level":"error","timestamp":"2024-08-05T20:14:31.210Z"}
{"level":"error","timestamp":"2024-08-05T20:16:42.055Z"}
{"issues":[{"code":"invalid_type","expected":"array","message":"Expected array, received object","path":["items"],"received":"object"}],"level":"error","name":"ZodError","timestamp":"2024-08-05T20:35:25.850Z"}
{"issues":[{"code":"invalid_type","expected":"string","message":"Required","path":["orderId"],"received":"undefined"}],"level":"error","name":"ZodError","timestamp":"2024-08-05T21:11:46.943Z"}
{"level":"error","timestamp":"2024-08-05T21:12:04.036Z"}
{"level":"error","timestamp":"2024-08-05T21:14:07.236Z"}
{"code":"SQLITE_ERROR","errno":1,"level":"error","timestamp":"2024-08-05T21:20:17.243Z"}
{"code":"SQLITE_ERROR","errno":1,"level":"error","timestamp":"2024-08-05T21:29:50.317Z"}
{"level":"error","statusCode":404,"timestamp":"2024-08-06T01:09:52.264Z"}
{"level":"error","statusCode":404,"timestamp":"2024-08-06T01:10:26.517Z"}
{"code":"SQLITE_ERROR","errno":1,"level":"error","timestamp":"2024-08-08T03:26:26.615Z"}
{"code":"SQLITE_ERROR","errno":1,"level":"error","timestamp":"2024-08-08T12:03:48.320Z"}
{"code":"SQLITE_ERROR","errno":1,"level":"error","timestamp":"2024-08-08T12:05:15.810Z"}
{"code":"SQLITE_ERROR","errno":1,"level":"error","timestamp":"2024-08-08T12:05:59.489Z"}
{"code":"SQLITE_ERROR","errno":1,"level":"error","timestamp":"2024-08-08T12:18:26.908Z"}
{"code":"SQLITE_ERROR","errno":1,"level":"error","timestamp":"2024-08-08T12:20:22.567Z"}
{"level":"error","timestamp":"2024-08-08T12:29:11.480Z"}
{"level":"error","timestamp":"2024-08-08T12:30:59.711Z"}
{"level":"error","timestamp":"2024-08-08T12:32:20.257Z"}
{"issues":[{"code":"invalid_type","expected":"string","message":"Required","path":["wishlistId"],"received":"undefined"}],"level":"error","name":"ZodError","timestamp":"2024-08-08T12:33:33.593Z"}
{"level":"error","statusCode":404,"timestamp":"2024-08-08T12:36:12.088Z"}
{"level":"error","name":"UnauthorizedError","statusCode":401,"timestamp":"2024-08-08T13:11:44.347Z"}
{"level":"error","statusCode":400,"timestamp":"2024-08-08T13:13:28.265Z"}
{"level":"error","statusCode":409,"timestamp":"2024-08-08T13:13:56.233Z"}
{"level":"error","statusCode":404,"timestamp":"2024-08-08T13:24:48.875Z"}
