{"level":"error","statusCode":409,"timestamp":"2024-08-02T00:56:04.529Z"}
{"level":"error","statusCode":409,"timestamp":"2024-08-02T00:56:12.095Z"}
{"issues":[{"code":"invalid_type","expected":"number","message":"Required","path":["status_id"],"received":"undefined"}],"level":"error","name":"ZodError","timestamp":"2024-08-05T18:44:50.923Z"}
{"issues":[{"code":"invalid_type","expected":"string","message":"Required","path":["orderId"],"received":"undefined"}],"level":"error","name":"ZodError","timestamp":"2024-08-05T19:05:14.295Z"}
{"issues":[{"code":"invalid_type","expected":"string","message":"Expected string, received number","path":["status"],"received":"number"}],"level":"error","name":"ZodError","timestamp":"2024-08-05T20:13:46.989Z"}
{"code":"SQLITE_ERROR","errno":1,"level":"error","timestamp":"2024-08-05T20:14:31.210Z"}
{"level":"error","timestamp":"2024-08-05T20:16:42.055Z"}
{"issues":[{"code":"invalid_type","expected":"array","message":"Expected array, received object","path":["items"],"received":"object"}],"level":"error","name":"ZodError","timestamp":"2024-08-05T20:35:25.850Z"}
{"issues":[{"code":"invalid_type","expected":"string","message":"Required","path":["orderId"],"received":"undefined"}],"level":"error","name":"ZodError","timestamp":"2024-08-05T21:11:46.943Z"}
{"level":"error","timestamp":"2024-08-05T21:12:04.036Z"}
{"level":"error","timestamp":"2024-08-05T21:14:07.236Z"}
{"code":"SQLITE_ERROR","errno":1,"level":"error","timestamp":"2024-08-05T21:20:17.243Z"}
{"code":"SQLITE_ERROR","errno":1,"level":"error","timestamp":"2024-08-05T21:29:50.317Z"}
{"level":"error","statusCode":404,"timestamp":"2024-08-06T01:09:52.264Z"}
{"level":"error","statusCode":404,"timestamp":"2024-08-06T01:10:26.517Z"}
{"code":"SQLITE_ERROR","errno":1,"level":"error","timestamp":"2024-08-08T03:26:26.615Z"}
{"code":"SQLITE_ERROR","errno":1,"level":"error","timestamp":"2024-08-08T12:03:48.320Z"}
{"code":"SQLITE_ERROR","errno":1,"level":"error","timestamp":"2024-08-08T12:05:15.810Z"}
{"code":"SQLITE_ERROR","errno":1,"level":"error","timestamp":"2024-08-08T12:05:59.489Z"}
{"code":"SQLITE_ERROR","errno":1,"level":"error","timestamp":"2024-08-08T12:18:26.908Z"}
{"code":"SQLITE_ERROR","errno":1,"level":"error","timestamp":"2024-08-08T12:20:22.567Z"}
{"level":"error","timestamp":"2024-08-08T12:29:11.480Z"}
{"level":"error","timestamp":"2024-08-08T12:30:59.711Z"}
{"level":"error","timestamp":"2024-08-08T12:32:20.257Z"}
{"issues":[{"code":"invalid_type","expected":"string","message":"Required","path":["wishlistId"],"received":"undefined"}],"level":"error","name":"ZodError","timestamp":"2024-08-08T12:33:33.593Z"}
{"level":"error","statusCode":404,"timestamp":"2024-08-08T12:36:12.088Z"}
{"level":"error","name":"UnauthorizedError","statusCode":401,"timestamp":"2024-08-08T13:11:44.347Z"}
{"level":"error","statusCode":400,"timestamp":"2024-08-08T13:13:28.265Z"}
{"level":"error","statusCode":409,"timestamp":"2024-08-08T13:13:56.233Z"}
{"level":"error","statusCode":404,"timestamp":"2024-08-08T13:24:48.875Z"}
{"level":"error","statusCode":409,"timestamp":"2024-08-15T14:12:29.062Z"}
{"issues":[{"code":"invalid_string","message":"Invalid email","path":["email"],"validation":"email"}],"level":"error","name":"ZodError","timestamp":"2024-08-15T14:19:25.481Z"}
{"level":"error","statusCode":404,"timestamp":"2024-08-15T14:23:10.554Z"}
{"level":"error","statusCode":404,"timestamp":"2024-08-15T14:23:32.975Z"}
{"level":"error","statusCode":404,"timestamp":"2024-08-15T14:23:42.389Z"}
{"level":"error","statusCode":404,"timestamp":"2024-08-15T14:27:31.215Z"}
{"level":"error","statusCode":404,"timestamp":"2024-08-15T14:27:50.132Z"}
{"level":"error","statusCode":404,"timestamp":"2024-08-15T14:34:57.129Z"}
{"level":"error","timestamp":"2024-08-15T14:35:33.873Z"}
{"level":"error","statusCode":403,"timestamp":"2024-08-15T14:42:39.959Z"}
{"level":"error","statusCode":403,"timestamp":"2024-08-15T14:43:10.158Z"}
{"level":"error","statusCode":403,"timestamp":"2024-08-15T14:44:22.878Z"}
{"level":"error","statusCode":403,"timestamp":"2024-08-15T14:44:47.020Z"}
{"level":"error","statusCode":404,"timestamp":"2024-08-15T14:45:10.053Z"}
{"level":"error","statusCode":409,"timestamp":"2024-08-15T14:51:01.209Z"}
{"issues":[{"code":"invalid_type","expected":"string","message":"Required","path":["oldPassword"],"received":"undefined"},{"code":"invalid_type","expected":"string","message":"Required","path":["newPassword"],"received":"undefined"}],"level":"error","name":"ZodError","timestamp":"2024-08-15T15:08:18.478Z"}
{"level":"error","statusCode":400,"timestamp":"2024-08-15T15:22:15.760Z"}
{"level":"error","statusCode":400,"timestamp":"2024-08-15T15:23:18.667Z"}
{"issues":[{"code":"invalid_type","expected":"boolean","message":"Required","path":["activate"],"received":"undefined"}],"level":"error","name":"ZodError","timestamp":"2024-08-15T15:25:20.309Z"}
{"level":"error","statusCode":404,"timestamp":"2024-08-15T17:12:16.254Z"}
{"level":"error","statusCode":404,"timestamp":"2024-08-15T17:12:32.941Z"}
{"code":"SQLITE_ERROR","errno":1,"level":"error","timestamp":"2024-08-15T17:12:54.223Z"}
{"code":"SQLITE_ERROR","errno":1,"level":"error","timestamp":"2024-08-15T17:14:49.453Z"}
{"code":"SQLITE_ERROR","errno":1,"level":"error","timestamp":"2024-08-15T17:16:04.582Z"}
{"code":"SQLITE_ERROR","errno":1,"level":"error","timestamp":"2024-08-15T17:18:53.444Z"}
{"code":"SQLITE_ERROR","errno":1,"level":"error","timestamp":"2024-08-15T17:21:43.953Z"}
{"code":"SQLITE_ERROR","errno":1,"level":"error","timestamp":"2024-08-15T17:21:48.913Z"}
{"code":"SQLITE_ERROR","errno":1,"level":"error","timestamp":"2024-08-15T17:26:57.935Z"}
{"code":"SQLITE_ERROR","errno":1,"level":"error","timestamp":"2024-08-15T17:29:02.303Z"}
{"level":"error","name":"UnauthorizedError","statusCode":401,"timestamp":"2024-08-15T17:48:44.559Z"}
{"level":"error","statusCode":404,"timestamp":"2024-08-15T18:03:54.749Z"}
{"level":"error","statusCode":400,"timestamp":"2024-08-15T18:04:44.127Z"}
{"code":"SQLITE_ERROR","errno":1,"level":"error","timestamp":"2024-08-15T18:05:02.470Z"}
{"code":"SQLITE_CONSTRAINT","errno":19,"level":"error","timestamp":"2024-08-15T18:25:38.104Z"}
{"level":"error","statusCode":409,"timestamp":"2024-08-15T18:37:53.129Z"}
{"level":"error","statusCode":409,"timestamp":"2024-08-15T18:38:59.904Z"}
{"level":"error","statusCode":404,"timestamp":"2024-08-15T19:01:37.467Z"}
{"level":"error","name":"UnauthorizedError","statusCode":401,"timestamp":"2024-08-18T14:56:50.098Z"}
{"level":"error","timestamp":"2024-08-18T14:59:36.913Z"}
{"level":"error","timestamp":"2024-08-18T15:00:36.399Z"}
{"level":"error","statusCode":404,"timestamp":"2024-08-18T15:03:09.460Z"}
{"level":"error","statusCode":404,"timestamp":"2024-08-18T15:06:21.563Z"}
{"issues":[{"code":"invalid_type","expected":"string","message":"Required","path":["token"],"received":"undefined"}],"level":"error","name":"ZodError","timestamp":"2024-08-18T15:07:24.588Z"}
{"level":"error","statusCode":404,"timestamp":"2024-08-18T15:07:35.673Z"}
{"level":"error","name":"UnauthorizedError","statusCode":401,"timestamp":"2024-08-18T15:10:25.237Z"}
{"level":"error","statusCode":409,"timestamp":"2024-08-18T20:00:03.528Z"}
{"issues":[{"code":"invalid_string","message":"Invalid email","path":["email"],"validation":"email"}],"level":"error","name":"ZodError","timestamp":"2024-08-18T20:10:23.788Z"}
{"issues":[{"code":"invalid_type","expected":"boolean","message":"Required","path":["activate"],"received":"undefined"}],"level":"error","name":"ZodError","timestamp":"2024-08-18T20:19:25.574Z"}
{"level":"error","statusCode":403,"timestamp":"2024-08-18T20:20:11.242Z"}
{"issues":[{"code":"invalid_type","expected":"string","message":"Required","path":["userId"],"received":"undefined"}],"level":"error","name":"ZodError","timestamp":"2024-08-18T22:43:38.397Z"}
{"level":"error","statusCode":403,"timestamp":"2024-08-18T22:44:33.577Z"}
{"level":"error","statusCode":403,"timestamp":"2024-08-18T22:45:48.525Z"}
{"level":"error","statusCode":403,"timestamp":"2024-08-18T22:46:27.090Z"}
{"level":"error","statusCode":403,"timestamp":"2024-08-18T22:47:08.638Z"}
{"level":"error","statusCode":403,"timestamp":"2024-08-18T22:47:16.597Z"}
{"level":"error","statusCode":403,"timestamp":"2024-08-18T22:48:12.012Z"}
{"level":"error","statusCode":403,"timestamp":"2024-08-18T23:35:56.221Z"}
{"level":"error","statusCode":403,"timestamp":"2024-08-18T23:37:02.405Z"}
{"level":"error","statusCode":403,"timestamp":"2024-08-18T23:37:31.194Z"}
{"level":"error","statusCode":403,"timestamp":"2024-08-18T23:38:03.997Z"}
{"level":"error","statusCode":403,"timestamp":"2024-08-18T23:38:40.136Z"}
{"level":"error","statusCode":403,"timestamp":"2024-08-18T23:39:01.620Z"}
{"level":"error","statusCode":403,"timestamp":"2024-08-18T23:40:15.664Z"}
{"level":"error","statusCode":403,"timestamp":"2024-08-18T23:40:23.606Z"}
{"level":"error","statusCode":403,"timestamp":"2024-08-19T00:04:43.550Z"}
{"level":"error","statusCode":403,"timestamp":"2024-08-19T00:22:51.140Z"}
{"code":"SQLITE_CONSTRAINT","errno":19,"level":"error","timestamp":"2024-08-19T00:24:24.208Z"}
{"level":"error","statusCode":404,"timestamp":"2024-08-19T00:25:15.700Z"}
{"level":"error","timestamp":"2024-08-19T00:31:12.501Z"}
{"level":"error","statusCode":403,"timestamp":"2024-08-19T15:50:49.239Z"}
{"level":"error","statusCode":403,"timestamp":"2024-08-19T15:51:34.712Z"}
{"issues":[{"code":"invalid_type","expected":"string","message":"Required","path":["userId"],"received":"undefined"}],"level":"error","name":"ZodError","timestamp":"2024-08-19T15:56:51.538Z"}
{"level":"error","timestamp":"2024-08-19T15:58:23.073Z"}
{"level":"error","timestamp":"2024-08-19T15:59:20.781Z"}
{"level":"error","timestamp":"2024-08-19T16:11:44.003Z"}
{"code":"SQLITE_ERROR","errno":1,"level":"error","timestamp":"2024-08-19T16:13:20.052Z"}
{"level":"error","name":"UnauthorizedError","statusCode":401,"timestamp":"2024-08-19T16:36:22.709Z"}
{"code":"SQLITE_CONSTRAINT","errno":19,"level":"error","timestamp":"2024-08-19T16:36:57.993Z"}
{"code":"SQLITE_CONSTRAINT","errno":19,"level":"error","timestamp":"2024-08-19T16:37:51.702Z"}
{"code":"SQLITE_ERROR","errno":1,"level":"error","timestamp":"2024-08-19T16:42:50.972Z"}
{"level":"error","timestamp":"2024-08-19T16:44:36.573Z"}
{"level":"error","timestamp":"2024-08-19T18:26:31.829Z"}
{"level":"error","timestamp":"2024-08-19T18:28:33.200Z"}
{"level":"error","timestamp":"2024-08-19T18:30:17.797Z"}
{"level":"error","timestamp":"2024-08-19T18:31:43.845Z"}
{"code":"SQLITE_ERROR","errno":1,"level":"error","timestamp":"2024-08-19T18:32:07.959Z"}
{"code":"SQLITE_ERROR","errno":1,"level":"error","timestamp":"2024-08-19T18:36:03.846Z"}
{"code":"SQLITE_SCHEMA","errno":17,"level":"error","timestamp":"2024-08-19T18:38:04.253Z"}
{"level":"error","timestamp":"2024-08-19T18:39:40.594Z"}
{"code":"SQLITE_ERROR","errno":1,"level":"error","timestamp":"2024-08-19T18:43:10.965Z"}
{"code":"SQLITE_ERROR","errno":1,"level":"error","timestamp":"2024-08-19T18:45:33.307Z"}
{"level":"error","name":"UnauthorizedError","statusCode":401,"timestamp":"2024-08-19T18:46:18.344Z"}
{"level":"error","name":"UnauthorizedError","statusCode":401,"timestamp":"2024-08-19T18:46:38.950Z"}
{"level":"error","name":"UnauthorizedError","statusCode":401,"timestamp":"2024-08-19T18:46:51.456Z"}
{"code":"SQLITE_ERROR","errno":1,"level":"error","timestamp":"2024-08-19T19:13:04.877Z"}
{"code":"SQLITE_ERROR","errno":1,"level":"error","timestamp":"2024-08-19T19:13:59.935Z"}
{"code":"SQLITE_ERROR","errno":1,"level":"error","timestamp":"2024-08-19T19:28:13.550Z"}
{"level":"error","statusCode":404,"timestamp":"2024-08-19T19:36:27.605Z"}
{"level":"error","statusCode":404,"timestamp":"2024-08-20T19:00:07.752Z"}
{"code":"SQLITE_ERROR","errno":1,"level":"error","timestamp":"2024-08-20T19:21:38.165Z"}
{"level":"error","statusCode":400,"timestamp":"2024-08-20T20:04:58.876Z"}
{"level":"error","name":"UnauthorizedError","statusCode":401,"timestamp":"2024-08-20T20:54:25.887Z"}
{"issues":[{"code":"invalid_type","expected":"string","message":"Required","path":["email"],"received":"undefined"},{"code":"too_big","exact":false,"inclusive":true,"maximum":16,"message":"String must contain at most 16 character(s)","path":["newPassword"],"type":"string"}],"level":"error","name":"ZodError","timestamp":"2024-08-21T15:43:36.575Z"}
{"level":"error","statusCode":400,"timestamp":"2024-08-21T15:51:23.185Z"}
{"code":"23503","constraint":"products_color_id_fkey","detail":"Key (color_id)=(30) is not present in table \"colors\".","file":"ri_triggers.c","length":259,"level":"error","line":"2608","name":"error","routine":"ri_ReportViolation","schema":"public","severity":"ERROR","table":"products","timestamp":"2024-08-21T20:19:43.164Z"}
{"issues":[{"code":"invalid_type","expected":"string","message":"Required","path":["hex_code"],"received":"undefined"}],"level":"error","name":"ZodError","timestamp":"2024-08-21T20:31:16.694Z"}
{"issues":[{"code":"invalid_type","expected":"string","message":"Required","path":["name"],"received":"undefined"}],"level":"error","name":"ZodError","timestamp":"2024-08-21T20:31:29.526Z"}
{"level":"error","timestamp":"2024-08-21T20:38:54.069Z"}
{"level":"error","timestamp":"2024-08-21T20:58:23.386Z"}
{"level":"error","statusCode":404,"timestamp":"2024-08-21T21:00:44.650Z"}
{"code":"42703","file":"parse_relation.c","length":111,"level":"error","line":"3722","name":"error","position":"20","routine":"errorMissingColumn","severity":"ERROR","timestamp":"2024-08-21T21:22:08.290Z"}
{"code":"42P01","file":"parse_relation.c","length":117,"level":"error","line":"3657","name":"error","position":"24","routine":"errorMissingRTE","severity":"ERROR","timestamp":"2024-08-21T21:25:34.119Z"}
{"level":"error","timestamp":"2024-08-21T21:31:23.044Z"}
{"level":"error","timestamp":"2024-08-21T21:33:23.260Z"}
{"level":"error","statusCode":404,"timestamp":"2024-08-21T21:34:04.957Z"}
{"level":"error","statusCode":404,"timestamp":"2024-08-21T21:34:37.302Z"}
{"level":"error","statusCode":404,"timestamp":"2024-08-21T21:35:17.287Z"}
{"level":"error","statusCode":404,"timestamp":"2024-08-22T00:08:11.301Z"}
{"level":"error","statusCode":404,"timestamp":"2024-08-22T00:11:22.452Z"}
{"level":"error","statusCode":404,"timestamp":"2024-08-22T00:19:14.437Z"}
{"level":"error","statusCode":403,"timestamp":"2024-08-22T00:19:36.469Z"}
{"level":"error","timestamp":"2024-08-22T00:51:48.219Z"}
{"level":"error","name":"UnauthorizedError","statusCode":401,"timestamp":"2024-08-22T02:23:08.648Z"}
{"code":"22P02","file":"numutils.c","length":179,"level":"error","line":"617","name":"error","routine":"pg_strtoint32_safe","severity":"ERROR","timestamp":"2024-08-22T02:38:51.714Z","where":"unnamed portal parameter $1 = '...'"}
{"level":"error","statusCode":404,"timestamp":"2024-08-22T17:07:09.383Z"}
{"level":"error","statusCode":404,"timestamp":"2024-08-22T17:07:21.641Z"}
{"code":"22P02","file":"numutils.c","length":179,"level":"error","line":"617","name":"error","routine":"pg_strtoint32_safe","severity":"ERROR","timestamp":"2024-08-22T17:07:35.921Z","where":"unnamed portal parameter $1 = '...'"}
{"code":"23502","column":"wishlist_id","detail":"Failing row contains (null, dcc69f2e-8107-48c8-9e51-e17c8a351719).","file":"execMain.c","length":260,"level":"error","line":"2003","name":"error","routine":"ExecConstraints","schema":"public","severity":"ERROR","table":"wishlist_items","timestamp":"2024-08-22T17:10:37.672Z"}
{"code":"23502","column":"wishlist_id","detail":"Failing row contains (null, dcc69f2e-8107-48c8-9e51-e17c8a351719).","file":"execMain.c","length":260,"level":"error","line":"2003","name":"error","routine":"ExecConstraints","schema":"public","severity":"ERROR","table":"wishlist_items","timestamp":"2024-08-22T17:17:43.894Z"}
{"code":"23502","column":"wishlist_id","detail":"Failing row contains (null, dcc69f2e-8107-48c8-9e51-e17c8a351719).","file":"execMain.c","length":260,"level":"error","line":"2003","name":"error","routine":"ExecConstraints","schema":"public","severity":"ERROR","table":"wishlist_items","timestamp":"2024-08-22T17:18:17.089Z"}
{"code":"23502","column":"wishlist_id","detail":"Failing row contains (null, dcc69f2e-8107-48c8-9e51-e17c8a351719).","file":"execMain.c","length":260,"level":"error","line":"2003","name":"error","routine":"ExecConstraints","schema":"public","severity":"ERROR","table":"wishlist_items","timestamp":"2024-08-22T17:20:24.510Z"}
{"level":"error","statusCode":404,"timestamp":"2024-08-22T21:55:51.717Z"}
{"level":"error","statusCode":404,"timestamp":"2024-08-22T21:58:45.402Z"}
{"level":"error","statusCode":404,"timestamp":"2024-08-22T21:59:34.321Z"}
{"level":"error","statusCode":404,"timestamp":"2024-08-22T22:00:11.716Z"}
{"level":"error","statusCode":404,"timestamp":"2024-08-22T22:01:20.458Z"}
{"level":"error","statusCode":404,"timestamp":"2024-08-22T22:02:36.103Z"}
{"issues":[{"code":"invalid_type","expected":"string","message":"Expected string, received number","path":["typeId"],"received":"number"}],"level":"error","name":"ZodError","timestamp":"2024-08-22T22:05:59.710Z"}
{"level":"error","statusCode":404,"timestamp":"2024-08-22T22:24:16.911Z"}
{"code":"42703","file":"analyze.c","length":131,"level":"error","line":"2527","name":"error","position":"70","routine":"transformUpdateTargetList","severity":"ERROR","timestamp":"2024-08-22T22:27:11.793Z"}
{"code":"42703","file":"analyze.c","length":131,"level":"error","line":"2527","name":"error","position":"70","routine":"transformUpdateTargetList","severity":"ERROR","timestamp":"2024-08-22T22:29:13.551Z"}
{"code":"42601","file":"rewriteHandler.c","length":121,"level":"error","line":"1115","name":"error","routine":"process_matched_tle","severity":"ERROR","timestamp":"2024-08-22T22:31:49.614Z"}
{"code":"42703","file":"parse_relation.c","length":115,"level":"error","line":"3722","name":"error","position":"94","routine":"errorMissingColumn","severity":"ERROR","timestamp":"2024-08-22T22:56:21.645Z"}
{"code":"42703","file":"parse_relation.c","length":115,"level":"error","line":"3722","name":"error","position":"69","routine":"errorMissingColumn","severity":"ERROR","timestamp":"2024-08-23T14:10:25.221Z"}
{"code":"42703","file":"parse_relation.c","length":115,"level":"error","line":"3722","name":"error","position":"69","routine":"errorMissingColumn","severity":"ERROR","timestamp":"2024-08-23T14:10:39.704Z"}
{"issues":[{"code":"invalid_type","expected":"string","message":"Required","path":["userId"],"received":"undefined"},{"code":"invalid_type","expected":"number","message":"Required","path":["typeId"],"received":"undefined"},{"code":"invalid_type","expected":"number","message":"Required","path":["statusId"],"received":"undefined"},{"code":"invalid_type","expected":"string","message":"Required","path":["userName"],"received":"undefined"},{"code":"invalid_type","expected":"string","message":"Required","path":["userEmail"],"received":"undefined"},{"code":"invalid_type","expected":"string","message":"Required","path":["userPhoneNumber"],"received":"undefined"}],"level":"error","name":"ZodError","timestamp":"2024-08-23T14:29:36.717Z"}
{"code":"42703","file":"parse_target.c","length":124,"level":"error","line":"1066","name":"error","position":"75","routine":"checkInsertTargets","severity":"ERROR","timestamp":"2024-08-23T14:30:22.332Z"}
{"code":"42703","file":"parse_target.c","length":129,"level":"error","line":"1066","name":"error","position":"75","routine":"checkInsertTargets","severity":"ERROR","timestamp":"2024-08-23T14:32:53.638Z"}
{"code":"23502","column":"solution","detail":"Failing row contains (b45aaa58-faaa-4e09-964a-5f05ee1b0d93, d1c5b5e7-ab95-4f48-b8de-c89de4eea640, 1, Clhoe Smiwh, chloe.smith@example.ca, +1-416-123-4567, I can't access my account, null, null, null, 1, 2024-08-23 14:34:11.742185, 2024-08-23 14:34:11.742185).","file":"execMain.c","length":433,"level":"error","line":"2003","name":"error","routine":"ExecConstraints","schema":"public","severity":"ERROR","table":"tickets","timestamp":"2024-08-23T14:34:11.790Z"}
{"code":"42703","file":"parse_relation.c","length":111,"level":"error","line":"3722","name":"error","position":"227","routine":"errorMissingColumn","severity":"ERROR","timestamp":"2024-08-23T15:05:09.636Z"}
{"code":"42703","file":"parse_relation.c","length":111,"level":"error","line":"3722","name":"error","position":"240","routine":"errorMissingColumn","severity":"ERROR","timestamp":"2024-08-23T15:07:36.974Z"}
{"level":"error","statusCode":404,"timestamp":"2024-08-23T16:03:12.415Z"}
{"level":"error","statusCode":404,"timestamp":"2024-08-23T16:04:34.129Z"}
{"level":"error","statusCode":404,"timestamp":"2024-08-23T16:06:20.964Z"}
{"level":"error","statusCode":404,"timestamp":"2024-08-23T16:07:37.401Z"}
{"level":"error","statusCode":404,"timestamp":"2024-08-23T16:07:44.087Z"}
{"issues":[{"code":"invalid_type","expected":"string","message":"Required","path":["userId"],"received":"undefined"}],"level":"error","name":"ZodError","timestamp":"2024-08-23T16:08:56.722Z"}
{"level":"error","statusCode":404,"timestamp":"2024-08-23T16:11:32.414Z"}
{"level":"error","statusCode":404,"timestamp":"2024-08-23T16:14:41.046Z"}
{"level":"error","statusCode":404,"timestamp":"2024-08-23T16:15:25.513Z"}
{"level":"error","statusCode":404,"timestamp":"2024-08-23T16:15:56.022Z"}
{"level":"error","statusCode":404,"timestamp":"2024-08-23T16:16:28.767Z"}
{"level":"error","statusCode":404,"timestamp":"2024-08-23T16:17:46.593Z"}
{"level":"error","statusCode":404,"timestamp":"2024-08-23T16:21:56.265Z"}
{"level":"error","statusCode":404,"timestamp":"2024-08-23T16:22:26.593Z"}
{"level":"error","timestamp":"2024-08-23T17:43:47.201Z"}
{"issues":[{"code":"invalid_type","expected":"string","message":"Required","path":["token"],"received":"undefined"}],"level":"error","message":"Error in createProduct: [\n  {\n    \"code\": \"invalid_type\",\n    \"expected\": \"string\",\n    \"received\": \"undefined\",\n    \"path\": [\n      \"token\"\n    ],\n    \"message\": \"Required\"\n  }\n]","name":"ZodError","stack":"ZodError: [\n  {\n    \"code\": \"invalid_type\",\n    \"expected\": \"string\",\n    \"received\": \"undefined\",\n    \"path\": [\n      \"token\"\n    ],\n    \"message\": \"Required\"\n  }\n]\n    at Object.get error [as error] (C:\\Users\\Edson\\Desktop\\clothing_store\\node_modules\\zod\\lib\\types.js:43:31)\n    at ZodEffects.parse (C:\\Users\\Edson\\Desktop\\clothing_store\\node_modules\\zod\\lib\\types.js:141:22)\n    at C:\\Users\\Edson\\Desktop\\clothing_store\\src\\controller\\ProductController.ts:80:74\n    at Array.map (<anonymous>)\n    at ProductController.<anonymous> (C:\\Users\\Edson\\Desktop\\clothing_store\\src\\controller\\ProductController.ts:80:32)\n    at Generator.next (<anonymous>)\n    at C:\\Users\\Edson\\Desktop\\clothing_store\\src\\controller\\ProductController.ts:8:71\n    at new Promise (<anonymous>)\n    at __awaiter (C:\\Users\\Edson\\Desktop\\clothing_store\\src\\controller\\ProductController.ts:4:12)\n    at ProductController.createProduct (C:\\Users\\Edson\\Desktop\\clothing_store\\src\\controller\\ProductController.ts:76:64)","timestamp":"2024-08-23T17:45:50.088Z"}
{"issues":[{"code":"invalid_type","expected":"string","message":"Required","path":["images",0,"id"],"received":"undefined"},{"code":"invalid_type","expected":"string","message":"Required","path":["images",0,"product_id"],"received":"undefined"},{"code":"invalid_type","expected":"string","message":"Required","path":["images",1,"id"],"received":"undefined"},{"code":"invalid_type","expected":"string","message":"Required","path":["images",1,"product_id"],"received":"undefined"}],"level":"error","name":"ZodError","timestamp":"2024-08-26T17:05:37.548Z"}
{"code":"42P01","file":"parse_relation.c","length":112,"level":"error","line":"1449","name":"error","position":"20","routine":"parserOpenTable","severity":"ERROR","timestamp":"2024-08-26T17:08:29.559Z"}
{"level":"error","statusCode":409,"timestamp":"2024-08-26T17:10:19.128Z"}
{"code":"42P01","file":"parse_relation.c","length":112,"level":"error","line":"1449","name":"error","position":"28","routine":"parserOpenTable","severity":"ERROR","timestamp":"2024-08-26T17:10:57.263Z"}
{"code":"42P01","file":"parse_relation.c","length":112,"level":"error","line":"1449","name":"error","position":"28","routine":"parserOpenTable","severity":"ERROR","timestamp":"2024-08-26T17:15:27.663Z"}
{"code":"42P01","file":"parse_relation.c","length":112,"level":"error","line":"1449","name":"error","position":"28","routine":"parserOpenTable","severity":"ERROR","timestamp":"2024-08-26T17:16:20.185Z"}
{"level":"error","statusCode":409,"timestamp":"2024-08-26T17:33:26.843Z"}
{"level":"error","statusCode":409,"timestamp":"2024-08-26T18:23:52.787Z"}
{"level":"error","statusCode":409,"timestamp":"2024-08-26T18:24:07.293Z"}
{"code":"22P02","file":"numutils.c","length":150,"level":"error","line":"617","name":"error","routine":"pg_strtoint32_safe","severity":"ERROR","timestamp":"2024-08-26T18:54:05.205Z","where":"unnamed portal parameter $15 = '...'"}
{"code":"22P02","file":"numutils.c","length":150,"level":"error","line":"617","name":"error","routine":"pg_strtoint32_safe","severity":"ERROR","timestamp":"2024-08-26T18:55:15.448Z","where":"unnamed portal parameter $15 = '...'"}
{"issues":[{"code":"invalid_type","expected":"string","message":"Expected string, received number","path":["gender"],"received":"number"}],"level":"error","name":"ZodError","timestamp":"2024-08-26T18:56:01.810Z"}
{"level":"error","statusCode":404,"timestamp":"2024-08-26T18:56:43.639Z"}
{"level":"error","statusCode":404,"timestamp":"2024-08-26T18:57:04.458Z"}
{"level":"error","timestamp":"2024-08-27T02:27:52.467Z"}
{"code":"42703","file":"parse_target.c","length":126,"level":"error","line":"1066","name":"error","position":"33","routine":"checkInsertTargets","severity":"ERROR","timestamp":"2024-08-27T02:29:07.596Z"}
{"level":"error","statusCode":404,"timestamp":"2024-08-27T17:48:37.859Z"}
{"level":"error","statusCode":400,"timestamp":"2024-08-27T17:49:20.543Z"}
{"level":"error","timestamp":"2024-08-27T21:15:49.003Z"}
{"level":"error","statusCode":400,"timestamp":"2024-08-27T21:38:24.264Z"}
{"level":"error","statusCode":400,"timestamp":"2024-08-27T21:38:35.792Z"}
{"level":"error","statusCode":400,"timestamp":"2024-08-27T21:39:10.284Z"}
{"level":"error","statusCode":400,"timestamp":"2024-08-27T21:39:18.726Z"}
{"level":"error","statusCode":400,"timestamp":"2024-08-27T21:39:32.004Z"}
{"issues":[{"code":"too_big","exact":false,"inclusive":true,"maximum":16,"message":"String must contain at most 16 character(s)","path":["oldPassword"],"type":"string"}],"level":"error","name":"ZodError","timestamp":"2024-08-27T21:39:45.073Z"}
{"level":"error","statusCode":400,"timestamp":"2024-08-27T21:39:55.327Z"}
{"level":"error","statusCode":409,"timestamp":"2024-08-28T20:56:47.664Z"}
{"level":"error","timestamp":"2024-08-28T20:56:53.840Z"}
{"level":"error","timestamp":"2024-08-28T20:58:35.017Z"}
{"level":"error","timestamp":"2024-08-28T21:00:58.988Z"}
{"issues":[{"code":"too_big","exact":false,"inclusive":true,"maximum":16,"message":"String must contain at most 16 character(s)","path":["personalId"],"type":"string"}],"level":"error","name":"ZodError","timestamp":"2024-08-28T21:18:39.059Z"}
{"level":"error","statusCode":403,"timestamp":"2024-08-28T21:19:07.816Z"}
{"level":"error","statusCode":403,"timestamp":"2024-08-28T21:19:58.538Z"}
{"level":"error","statusCode":403,"timestamp":"2024-08-28T21:20:42.053Z"}
{"level":"error","statusCode":404,"timestamp":"2024-08-29T00:11:53.079Z"}
{"level":"error","statusCode":400,"timestamp":"2024-08-29T00:41:48.118Z"}
{"level":"error","statusCode":400,"timestamp":"2024-08-29T00:41:53.262Z"}
{"issues":[{"code":"invalid_type","expected":"string","message":"Required","path":["oldPassword"],"received":"undefined"}],"level":"error","name":"ZodError","timestamp":"2024-08-29T00:52:41.881Z"}
{"level":"error","statusCode":400,"timestamp":"2024-08-29T00:53:37.046Z"}
{"level":"error","statusCode":400,"timestamp":"2024-08-29T00:53:58.086Z"}
{"level":"error","statusCode":400,"timestamp":"2024-08-29T00:56:16.538Z"}
{"issues":[{"code":"invalid_type","expected":"string","message":"Required","path":["userId"],"received":"undefined"}],"level":"error","name":"ZodError","timestamp":"2024-08-29T01:00:52.006Z"}
{"issues":[{"code":"invalid_type","expected":"string","message":"Required","path":["userId"],"received":"undefined"}],"level":"error","name":"ZodError","timestamp":"2024-08-29T01:01:03.988Z"}
{"issues":[{"code":"invalid_type","expected":"string","message":"Required","path":["userId"],"received":"undefined"}],"level":"error","name":"ZodError","timestamp":"2024-08-29T01:01:11.037Z"}
{"issues":[{"code":"invalid_type","expected":"string","message":"Required","path":["userId"],"received":"undefined"}],"level":"error","name":"ZodError","timestamp":"2024-08-29T01:01:21.204Z"}
{"level":"error","statusCode":404,"timestamp":"2024-08-29T01:02:39.210Z"}
{"issues":[{"code":"invalid_type","expected":"string","message":"Required","path":["id"],"received":"undefined"}],"level":"error","name":"ZodError","timestamp":"2024-08-29T01:03:02.502Z"}
{"level":"error","timestamp":"2024-08-29T01:24:33.934Z"}
{"level":"error","statusCode":404,"timestamp":"2024-08-29T18:20:58.797Z"}
{"level":"error","statusCode":400,"timestamp":"2024-08-29T18:21:26.478Z"}
{"level":"error","statusCode":400,"timestamp":"2024-08-29T18:21:51.345Z"}
{"code":"42703","file":"analyze.c","length":129,"level":"error","line":"2527","name":"error","position":"87","routine":"transformUpdateTargetList","severity":"ERROR","timestamp":"2024-08-29T18:31:41.121Z"}
{"level":"error","timestamp":"2024-08-29T18:37:50.784Z"}
{"code":"42703","file":"analyze.c","length":129,"level":"error","line":"2527","name":"error","position":"87","routine":"transformUpdateTargetList","severity":"ERROR","timestamp":"2024-08-29T18:38:59.867Z"}
{"issues":[{"code":"invalid_type","expected":"string","message":"Expected string, received number","path":["gender"],"received":"number"}],"level":"error","name":"ZodError","timestamp":"2024-08-29T18:50:33.547Z"}
{"issues":[{"code":"invalid_type","expected":"string","message":"Required","path":["productId"],"received":"undefined"}],"level":"error","name":"ZodError","timestamp":"2024-08-29T19:49:42.803Z"}
{"level":"error","statusCode":409,"timestamp":"2024-08-29T19:49:55.928Z"}
{"level":"error","statusCode":409,"timestamp":"2024-08-29T19:50:03.817Z"}
{"level":"error","statusCode":409,"timestamp":"2024-08-29T19:50:14.186Z"}
{"level":"error","statusCode":409,"timestamp":"2024-08-29T19:50:35.474Z"}
{"level":"error","statusCode":409,"timestamp":"2024-08-29T19:51:33.153Z"}
{"level":"error","statusCode":409,"timestamp":"2024-08-29T19:51:57.043Z"}
{"level":"error","statusCode":409,"timestamp":"2024-08-29T19:52:31.366Z"}
{"level":"error","statusCode":409,"timestamp":"2024-08-29T19:53:02.246Z"}
{"issues":[{"code":"invalid_type","expected":"string","message":"Required","path":["productId"],"received":"undefined"}],"level":"error","name":"ZodError","timestamp":"2024-08-29T19:55:55.309Z"}
{"code":"42703","file":"parse_target.c","length":131,"level":"error","line":"1066","name":"error","position":"37","routine":"checkInsertTargets","severity":"ERROR","timestamp":"2024-08-29T20:04:32.984Z"}
{"code":"42703","file":"parse_target.c","length":131,"level":"error","line":"1066","name":"error","position":"37","routine":"checkInsertTargets","severity":"ERROR","timestamp":"2024-08-29T20:05:53.670Z"}
{"code":"42703","file":"parse_target.c","length":131,"level":"error","line":"1066","name":"error","position":"37","routine":"checkInsertTargets","severity":"ERROR","timestamp":"2024-08-29T20:09:14.042Z"}
{"issues":[{"code":"invalid_type","expected":"string","message":"Required","path":["userId"],"received":"undefined"}],"level":"error","name":"ZodError","timestamp":"2024-08-29T20:25:49.954Z"}
{"code":"ENOTFOUND","errno":-3008,"hostname":"clothing_store","level":"error","syscall":"getaddrinfo","timestamp":"2024-08-29T23:30:30.324Z"}
{"code":"ENOTFOUND","errno":-3008,"hostname":"clothing_store","level":"error","syscall":"getaddrinfo","timestamp":"2024-08-29T23:30:41.601Z"}
{"code":"ENOTFOUND","errno":-3008,"hostname":"clothing_store","level":"error","syscall":"getaddrinfo","timestamp":"2024-08-29T23:31:08.192Z"}
{"code":"ENOTFOUND","errno":-3008,"hostname":"clothing_store","level":"error","syscall":"getaddrinfo","timestamp":"2024-08-30T01:15:50.368Z"}
{"code":"42P01","file":"parse_relation.c","length":109,"level":"error","line":"1449","name":"error","position":"28","routine":"parserOpenTable","severity":"ERROR","timestamp":"2024-08-30T03:01:33.985Z"}
{"level":"error","statusCode":404,"timestamp":"2024-08-30T14:40:07.213Z"}
{"level":"error","statusCode":404,"timestamp":"2024-08-30T14:40:14.423Z"}
{"issues":[{"code":"invalid_type","expected":"array","message":"Required","path":["phones"],"received":"undefined"}],"level":"error","name":"ZodError","timestamp":"2024-08-30T14:45:43.087Z"}
{"level":"error","statusCode":409,"timestamp":"2024-08-30T14:46:25.343Z"}
{"level":"error","statusCode":409,"timestamp":"2024-08-30T15:02:15.449Z"}
{"level":"error","statusCode":404,"timestamp":"2024-08-30T15:03:19.408Z"}
{"level":"error","statusCode":404,"timestamp":"2024-08-30T15:07:02.081Z"}
{"level":"error","statusCode":404,"timestamp":"2024-08-30T15:29:48.117Z"}
{"issues":[{"code":"invalid_type","expected":"string","message":"Required","path":["ticketId"],"received":"undefined"}],"level":"error","name":"ZodError","timestamp":"2024-08-30T15:34:19.962Z"}
{"issues":[{"code":"invalid_type","expected":"string","message":"Required","path":["ticketId"],"received":"undefined"}],"level":"error","name":"ZodError","timestamp":"2024-08-30T15:34:55.155Z"}
{"level":"error","statusCode":400,"timestamp":"2024-08-30T16:14:27.398Z"}
{"issues":[{"code":"invalid_type","expected":"string","message":"Required","path":["email"],"received":"undefined"}],"level":"error","name":"ZodError","timestamp":"2024-08-30T16:54:42.026Z"}
{"level":"error","timestamp":"2024-09-03T14:10:55.509Z"}
{"level":"error","timestamp":"2024-09-03T14:12:09.922Z"}
{"level":"error","timestamp":"2024-09-03T14:13:03.046Z"}
{"level":"error","timestamp":"2024-09-03T14:14:06.749Z"}
{"level":"error","timestamp":"2024-09-03T14:22:59.443Z"}
{"level":"error","timestamp":"2024-09-03T14:35:06.934Z"}
{"issues":[{"code":"invalid_type","expected":"string","message":"Required","path":["email"],"received":"undefined"}],"level":"error","name":"ZodError","timestamp":"2024-09-03T14:54:39.218Z"}
{"level":"error","statusCode":404,"timestamp":"2024-09-03T15:17:52.814Z"}
{"level":"error","statusCode":404,"timestamp":"2024-09-03T15:18:03.142Z"}
{"level":"error","name":"UnauthorizedError","statusCode":401,"timestamp":"2024-09-03T15:24:34.537Z"}
{"code":"23503","constraint":"order_items_order_id_fkey","detail":"Key (order_id)=(7afa6f8f-befd-4f66-9b52-87faef46703a) is still referenced from table \"order_items\".","file":"ri_triggers.c","length":335,"level":"error","line":"2621","name":"error","routine":"ri_ReportViolation","schema":"public","severity":"ERROR","table":"order_items","timestamp":"2024-09-03T15:25:06.479Z"}
{"level":"error","name":"UnauthorizedError","statusCode":401,"timestamp":"2024-09-03T15:29:29.210Z"}
{"level":"error","name":"UnauthorizedError","statusCode":401,"timestamp":"2024-09-03T15:30:28.085Z"}
{"level":"error","name":"UnauthorizedError","statusCode":401,"timestamp":"2024-09-03T15:31:12.753Z"}
{"level":"error","name":"UnauthorizedError","statusCode":401,"timestamp":"2024-09-03T16:18:47.144Z"}
{"level":"error","name":"UnauthorizedError","statusCode":401,"timestamp":"2024-09-03T16:18:52.392Z"}
{"level":"error","name":"UnauthorizedError","statusCode":401,"timestamp":"2024-09-03T16:20:08.407Z"}
{"level":"error","name":"UnauthorizedError","statusCode":401,"timestamp":"2024-09-03T16:22:10.506Z"}
{"level":"error","name":"UnauthorizedError","statusCode":401,"timestamp":"2024-09-03T16:22:34.305Z"}
{"level":"error","name":"UnauthorizedError","statusCode":401,"timestamp":"2024-09-03T16:23:08.427Z"}
{"issues":[{"code":"invalid_type","expected":"string","message":"Required","path":["userId"],"received":"undefined"}],"level":"error","name":"ZodError","timestamp":"2024-09-03T18:26:53.955Z"}
{"issues":[{"code":"invalid_type","expected":"string","message":"Required","path":["phoneId"],"received":"undefined"}],"level":"error","name":"ZodError","timestamp":"2024-09-03T18:31:09.644Z"}
{"level":"error","statusCode":404,"timestamp":"2024-09-03T18:32:42.211Z"}
{"level":"error","statusCode":404,"timestamp":"2024-09-03T18:33:06.258Z"}
{"level":"error","statusCode":404,"timestamp":"2024-09-03T18:39:40.989Z"}
{"level":"error","statusCode":404,"timestamp":"2024-09-03T18:42:02.159Z"}
{"level":"error","statusCode":404,"timestamp":"2024-09-03T18:42:14.757Z"}
{"level":"error","statusCode":404,"timestamp":"2024-09-03T18:42:25.576Z"}
{"address":"127.0.0.1","code":"ECONNREFUSED","errno":-111,"level":"error","port":5433,"syscall":"connect","timestamp":"2024-09-03T19:01:28.844Z"}
{"address":"127.0.0.1","code":"ECONNREFUSED","errno":-111,"level":"error","port":5433,"syscall":"connect","timestamp":"2024-09-03T19:02:04.498Z"}
{"issues":[{"code":"invalid_type","expected":"string","message":"Required","path":["zipCode"],"received":"undefined"}],"level":"error","name":"ZodError","timestamp":"2024-09-04T02:16:48.898Z"}
{"code":"ENOTFOUND","errno":-3008,"hostname":"clothing_store_db","level":"error","syscall":"getaddrinfo","timestamp":"2024-09-04T02:17:32.267Z"}
{"code":"42P01","file":"parse_relation.c","length":104,"level":"error","line":"1449","name":"error","position":"28","routine":"parserOpenTable","severity":"ERROR","timestamp":"2024-09-04T02:18:30.827Z"}
{"code":"22P02","file":"numutils.c","length":145,"level":"error","line":"617","name":"error","routine":"pg_strtoint32_safe","severity":"ERROR","timestamp":"2024-09-04T02:32:53.886Z","where":"unnamed portal parameter $15 = '...'"}
{"code":"23505","constraint":"users_email_key","detail":"Key (email)=(alex.johnson@example.com) already exists.","file":"nbtinsert.c","length":216,"level":"error","line":"666","name":"error","routine":"_bt_check_unique","schema":"public","severity":"ERROR","table":"users","timestamp":"2024-09-04T02:36:41.100Z"}
{"code":"23505","constraint":"users_email_key","detail":"Key (email)=(alex.johnson@example.com) already exists.","file":"nbtinsert.c","length":216,"level":"error","line":"666","name":"error","routine":"_bt_check_unique","schema":"public","severity":"ERROR","table":"users","timestamp":"2024-09-04T02:37:03.688Z"}
{"code":"22P02","file":"numutils.c","length":150,"level":"error","line":"617","name":"error","routine":"pg_strtoint32_safe","severity":"ERROR","timestamp":"2024-09-04T19:38:47.651Z","where":"unnamed portal parameter $15 = '...'"}
{"level":"error","statusCode":404,"timestamp":"2024-09-04T20:41:46.711Z"}
{"level":"error","statusCode":404,"timestamp":"2024-09-04T20:52:18.181Z"}
{"level":"error","statusCode":404,"timestamp":"2024-09-04T21:08:58.025Z"}
{"level":"error","statusCode":404,"timestamp":"2024-09-04T21:09:17.033Z"}
{"level":"error","statusCode":404,"timestamp":"2024-09-04T22:51:41.632Z"}
{"level":"error","timestamp":"2024-09-04T22:59:11.794Z"}
{"level":"error","timestamp":"2024-09-04T23:00:00.126Z"}
{"level":"error","timestamp":"2024-09-04T23:00:29.933Z"}
